d:\master videogames\math\01 representacion_numerica\01 representacion_numerica\debug\01 representacion_numerica.pch
d:\master videogames\math\01 representacion_numerica\01 representacion_numerica\debug\vc141.pdb
d:\master videogames\math\01 representacion_numerica\01 representacion_numerica\debug\vc141.idb
d:\master videogames\math\01 representacion_numerica\01 representacion_numerica\debug\stdafx.obj
d:\master videogames\math\01 representacion_numerica\01 representacion_numerica\debug\01 representacion_numerica.obj
d:\master videogames\math\01 representacion_numerica\01 representacion_numerica\debug\common.obj
d:\master videogames\math\01 representacion_numerica\01 representacion_numerica\debug\ejercicio1.obj
d:\master videogames\math\01 representacion_numerica\01 representacion_numerica\debug\ejercicio2.obj
d:\master videogames\math\01 representacion_numerica\01 representacion_numerica\debug\ejercicio3.obj
d:\master videogames\math\01 representacion_numerica\01 representacion_numerica\debug\ejercicio4.obj
d:\master videogames\math\01 representacion_numerica\01 representacion_numerica\debug\ejercicio5.obj
d:\master videogames\math\01 representacion_numerica\01 representacion_numerica\debug\ejercicio6.obj
d:\master videogames\math\01 representacion_numerica\debug\01 representacion_numerica.exe
d:\master videogames\math\01 representacion_numerica\debug\01 representacion_numerica.ilk
d:\master videogames\math\01 representacion_numerica\debug\01 representacion_numerica.pdb
d:\master videogames\math\01 representacion_numerica\01 representacion_numerica\debug\01 repre.f60ff9ff.tlog\cl.command.1.tlog
d:\master videogames\math\01 representacion_numerica\01 representacion_numerica\debug\01 repre.f60ff9ff.tlog\cl.read.1.tlog
d:\master videogames\math\01 representacion_numerica\01 representacion_numerica\debug\01 repre.f60ff9ff.tlog\cl.write.1.tlog
d:\master videogames\math\01 representacion_numerica\01 representacion_numerica\debug\01 repre.f60ff9ff.tlog\link.command.1.tlog
d:\master videogames\math\01 representacion_numerica\01 representacion_numerica\debug\01 repre.f60ff9ff.tlog\link.read.1.tlog
d:\master videogames\math\01 representacion_numerica\01 representacion_numerica\debug\01 repre.f60ff9ff.tlog\link.write.1.tlog
